<?xml version="1.0" encoding="UTF-8"?>
<testng-results skipped="0" failed="0" ignored="0" total="1" passed="1">
  <reporter-output>
  </reporter-output>
  <suite name="Suite" duration-ms="20668" started-at="2024-02-11T15:27:11Z" finished-at="2024-02-11T15:27:31Z">
    <groups>
    </groups>
    <test name="Test" duration-ms="20668" started-at="2024-02-11T15:27:11Z" finished-at="2024-02-11T15:27:31Z">
      <class name="Selenium.Test.placeOrderTest">
        <test-method status="PASS" signature="openWebSite()[pri:0, instance:Selenium.Test.placeOrderTest@6c9f5c0d]" name="openWebSite" is-config="true" duration-ms="13176" started-at="2024-02-11T15:27:11Z" finished-at="2024-02-11T15:27:24Z">
          <reporter-output>
          </reporter-output>
        </test-method> <!-- openWebSite -->
        <test-method status="PASS" signature="placeorder()[pri:0, instance:Selenium.Test.placeOrderTest@6c9f5c0d]" name="placeorder" duration-ms="7335" started-at="2024-02-11T15:27:24Z" finished-at="2024-02-11T15:27:31Z">
          <reporter-output>
          </reporter-output>
        </test-method> <!-- placeorder -->
        <test-method status="PASS" signature="closeBrowser()[pri:0, instance:Selenium.Test.placeOrderTest@6c9f5c0d]" name="closeBrowser" is-config="true" duration-ms="141" started-at="2024-02-11T15:27:31Z" finished-at="2024-02-11T15:27:31Z">
          <reporter-output>
          </reporter-output>
        </test-method> <!-- closeBrowser -->
      </class> <!-- Selenium.Test.placeOrderTest -->
    </test> <!-- Test -->
  </suite> <!-- Suite -->
</testng-results>
